0 info it worked if it ends with ok
1 verbose cli [ 'node',
1 verbose cli   '/Users/andrey/.nvm/versions/v0.12.1/bin/npm',
1 verbose cli   'start' ]
2 info using npm@3.5.2
3 info using node@v0.12.1
4 verbose run-script [ 'prestart', 'start', 'poststart' ]
5 info lifecycle webpack-app@1.0.0~prestart: webpack-app@1.0.0
6 silly lifecycle webpack-app@1.0.0~prestart: no script for prestart, continuing
7 info lifecycle webpack-app@1.0.0~start: webpack-app@1.0.0
8 verbose lifecycle webpack-app@1.0.0~start: unsafe-perm in lifecycle true
9 verbose lifecycle webpack-app@1.0.0~start: PATH: /Users/andrey/.nvm/versions/v0.12.1/lib/node_modules/npm/bin/node-gyp-bin:/Users/andrey/projects/webpack-app/node_modules/.bin:/usr/local/sbin:/Users/andrey/.nvm/versions/v0.12.1/bin:/usr/local/opt/php55/bin:/Users/andrey/.rvm/gems/ruby-2.0.0-p481/bin:/Users/andrey/.rvm/gems/ruby-2.0.0-p481@global/bin:/Users/andrey/.rvm/rubies/ruby-2.0.0-p481/bin:/usr/local/bin:/usr/bin:/bin:/usr/sbin:/sbin:/opt/X11/bin:/usr/local/git/bin:/opt/ImageMagick/bin:/Users/andrey/.rvm/bin
10 verbose lifecycle webpack-app@1.0.0~start: CWD: /Users/andrey/projects/webpack-app
11 silly lifecycle webpack-app@1.0.0~start: Args: [ '-c',
11 silly lifecycle   'webpack-dev-server --content-base client --progress --colors' ]
12 silly lifecycle webpack-app@1.0.0~start: Returned: code: 1  signal: null
13 info lifecycle webpack-app@1.0.0~start: Failed to exec start script
14 verbose stack Error: webpack-app@1.0.0 start: `webpack-dev-server --content-base client --progress --colors`
14 verbose stack Exit status 1
14 verbose stack     at EventEmitter.<anonymous> (/Users/andrey/.nvm/versions/v0.12.1/lib/node_modules/npm/lib/utils/lifecycle.js:232:16)
14 verbose stack     at EventEmitter.emit (events.js:110:17)
14 verbose stack     at ChildProcess.<anonymous> (/Users/andrey/.nvm/versions/v0.12.1/lib/node_modules/npm/lib/utils/spawn.js:24:14)
14 verbose stack     at ChildProcess.emit (events.js:110:17)
14 verbose stack     at maybeClose (child_process.js:1008:16)
14 verbose stack     at Process.ChildProcess._handle.onexit (child_process.js:1080:5)
15 verbose pkgid webpack-app@1.0.0
16 verbose cwd /Users/andrey/projects/webpack-app
17 error Darwin 15.3.0
18 error argv "node" "/Users/andrey/.nvm/versions/v0.12.1/bin/npm" "start"
19 error node v0.12.1
20 error npm  v3.5.2
21 error code ELIFECYCLE
22 error webpack-app@1.0.0 start: `webpack-dev-server --content-base client --progress --colors`
22 error Exit status 1
23 error Failed at the webpack-app@1.0.0 start script 'webpack-dev-server --content-base client --progress --colors'.
23 error Make sure you have the latest version of node.js and npm installed.
23 error If you do, this is most likely a problem with the webpack-app package,
23 error not with npm itself.
23 error Tell the author that this fails on your system:
23 error     webpack-dev-server --content-base client --progress --colors
23 error You can get information on how to open an issue for this project with:
23 error     npm bugs webpack-app
23 error Or if that isn't available, you can get their info via:
23 error     npm owner ls webpack-app
23 error There is likely additional logging output above.
24 verbose exit [ 1, true ]
